<?xml version="1.0" encoding="UTF-8"?>
<robot generator="Robot 4.1.3 (Python 3.10.2 on win32)" generated="20220118 23:46:06.459" rpa="false" schemaversion="2">
<suite id="s1" name="Test" source="C:\qaninja\robot\test.robot">
<test id="s1-t1" name="deve retornar mensagem de boas vindas">
<kw name="Welcome" library="app">
<arg>Alan</arg>
<status status="PASS" starttime="20220118 23:46:06.638" endtime="20220118 23:46:06.639"/>
</kw>
<status status="PASS" starttime="20220118 23:46:06.638" endtime="20220118 23:46:06.642"/>
</test>
<status status="PASS" starttime="20220118 23:46:06.471" endtime="20220118 23:46:06.653"/>
</suite>
<statistics>
<total>
<stat pass="1" fail="0" skip="0">All Tests</stat>
</total>
<tag>
</tag>
<suite>
<stat pass="1" fail="0" skip="0" id="s1" name="Test">Test</stat>
</suite>
</statistics>
<errors>
</errors>
</robot>
